[35m[Appium][39m Welcome to Appium v1.22.3
[35m[Appium][39m Non-default server args:
[35m[Appium][39m   port: 63385
[35m[Appium][39m   loglevel: info
[35m[Appium][39m   tmpDir: C:\Users\monsh\AppData\Local\Temp\\Katalon\Appium\Temp1688736988477
[35m[Appium][39m   chromedriverPort: 63389
[35m[Appium][39m Deprecated server args:
[35m[Appium][39m   [31m--chromedriver-port[39m => --default-capabilities
[35m[Appium][39m Default capabilities, which will be added to each request unless overridden by desired capabilities:
[35m[Appium][39m   chromedriverPort: 63389
[35m[Appium][39m Appium REST http interface listener started on 0.0.0.0:63385
[35m[HTTP][39m [37m-->[39m [37mGET[39m [37m/wd/hub/status[39m
[35m[HTTP][39m [90m{}[39m
[35m[HTTP][39m [37m<-- GET /wd/hub/status [39m[32m200[39m [90m8 ms - 68[39m
[35m[HTTP][39m [90m[39m
[35m[HTTP][39m [37m-->[39m [37mGET[39m [37m/wd/hub/status[39m
[35m[HTTP][39m [90m{}[39m
[35m[HTTP][39m [37m<-- GET /wd/hub/status [39m[32m200[39m [90m1 ms - 68[39m
[35m[HTTP][39m [90m[39m
[35m[HTTP][39m [37m-->[39m [37mPOST[39m [37m/wd/hub/session[39m
[35m[HTTP][39m [90m{"desiredCapabilities":{"app":"C:\\Users\\monsh\\Downloads\\App\\occazio.apk","noReset":true,"deviceName":"emulator-5554 (sdk_gphone64_x86_64 - Android 14)","fullReset":false,"platform":"ANDROID","newCommandTimeout":1800,"platformVersion":"14","automationName":"uiautomator2","autoGrantPermissions":true,"platformName":"Android","udid":"emulator-5554","systemPort":63398},"capabilities":{"firstMatch":[{"appium:app":"C:\\Users\\monsh\\Downloads\\App\\occazio.apk","appium:autoGrantPermissions":true,"appium:automationName":"uiautomator2","appium:deviceName":"emulator-5554 (sdk_gphone64_x86_64 - Android 14)","appium:fullReset":false,"appium:newCommandTimeout":1800,"appium:noReset":true,"platform":"ANDROID","platformName":"android","appium:platformVersion":"14","appium:systemPort":63398,"appium:udid":"emulator-5554"}]}}[39m
[35m[BaseDriver][39m The following capabilities are not standard capabilities and should have an extension prefix:
[35m[BaseDriver][39m   platform
[35m[BaseDriver][39m   chromedriverPort
[35m[Appium][39m Appium v1.22.3 creating new AndroidUiautomator2Driver (v1.70.1) session
[35m[BaseDriver][39m The following capabilities were provided, but are not recognized by Appium:
[35m[BaseDriver][39m   platform
[35m[BaseDriver][39m Session created with session id: d31a138c-37b6-4a0b-ae0e-bc21dc66e24a
[35m[BaseDriver][39m Using local app 'C:\Users\monsh\Downloads\App\occazio.apk'
[35m[ADB][39m Found 2 'build-tools' folders under 'C:\Users\monsh\AppData\Local\Android\Sdk' (newest first):
[35m[ADB][39m     C:/Users/monsh/AppData/Local/Android/Sdk/build-tools/34.0.0
[35m[ADB][39m     C:/Users/monsh/AppData/Local/Android/Sdk/build-tools/30.0.3
[35m[ADB][39m Using 'adb.exe' from 'C:\Users\monsh\AppData\Local\Android\Sdk\platform-tools\adb.exe'
[35m[AndroidDriver][39m Retrieving device list
[35m[AndroidDriver][39m Using device: emulator-5554
[35m[ADB][39m Using 'adb.exe' from 'C:\Users\monsh\AppData\Local\Android\Sdk\platform-tools\adb.exe'
[35m[ADB][39m Getting device platform version
[35m[UiAutomator2][39m Relaxing hidden api policy
[35m[ADB][39m Package name: 'fr.dsquad.occazio'
[35m[ADB][39m Main activity name: 'fr.dsquad.occazio.view.home.SplashScreenActivity'
[35m[ADB][39m The application at 'C:\Users\monsh\AppData\Roaming\npm\node_modules\appium\node_modules\io.appium.settings\apks\settings_apk-debug.apk' will not be cached, because the device under test has confirmed the support of streamed installs
[35m[ADB][39m The installation of 'settings_apk-debug.apk' took 3807ms
[35m[ADB][39m Using 'apksigner.jar' from 'C:\Users\monsh\AppData\Local\Android\Sdk\build-tools\34.0.0\lib\apksigner.jar'
[35m[ADB][39m 'C:\Users\monsh\AppData\Roaming\npm\node_modules\appium\node_modules\appium-uiautomator2-server\apks\appium-uiautomator2-server-v4.27.0.apk' is signed with the default certificate
[35m[ADB][39m 'C:\Users\monsh\AppData\Roaming\npm\node_modules\appium\node_modules\appium-uiautomator2-server\apks\appium-uiautomator2-server-debug-androidTest.apk' is signed with the default certificate
[35m[UiAutomator2][39m Server packages are going to be (re)installed
[35m[ADB][39m The application at 'C:\Users\monsh\AppData\Roaming\npm\node_modules\appium\node_modules\appium-uiautomator2-server\apks\appium-uiautomator2-server-v4.27.0.apk' will not be cached, because the device under test has confirmed the support of streamed installs
[35m[ADB][39m The installation of 'appium-uiautomator2-server-v4.27.0.apk' took 9233ms
[35m[ADB][39m The application at 'C:\Users\monsh\AppData\Roaming\npm\node_modules\appium\node_modules\appium-uiautomator2-server\apks\appium-uiautomator2-server-debug-androidTest.apk' will not be cached, because the device under test has confirmed the support of streamed installs
[35m[ADB][39m The installation of 'appium-uiautomator2-server-debug-androidTest.apk' took 5908ms
[35m[ADB][39m Adding packages ["io.appium.settings","io.appium.uiautomator2.server","io.appium.uiautomator2.server.test"] to Doze whitelist
[35m[ADB][39m 'C:\Users\monsh\Downloads\App\occazio.apk' is signed with a non-default certificate
[35m[ADB][39m The application at 'C:\Users\monsh\Downloads\App\occazio.apk' will not be cached, because the device under test has confirmed the support of streamed installs
[35m[ADB][39m The installation of 'occazio.apk' took 24657ms
[35m[UiAutomator2][39m Starting UIAutomator2 server 4.27.0
[35m[UiAutomator2][39m Using UIAutomator2 server from 'C:\Users\monsh\AppData\Roaming\npm\node_modules\appium\node_modules\appium-uiautomator2-server\apks\appium-uiautomator2-server-v4.27.0.apk' and test from 'C:\Users\monsh\AppData\Roaming\npm\node_modules\appium\node_modules\appium-uiautomator2-server\apks\appium-uiautomator2-server-debug-androidTest.apk'
[35m[UiAutomator2][39m Waiting up to 30000ms for UiAutomator2 to be online...
[35m[WD Proxy][39m socket hang up
[35m[WD Proxy][39m socket hang up
[35m[WD Proxy][39m socket hang up
[35m[WD Proxy][39m socket hang up
[35m[WD Proxy][39m socket hang up
[35m[WD Proxy][39m socket hang up
[35m[WD Proxy][39m socket hang up
[35m[WD Proxy][39m socket hang up
[35m[WD Proxy][39m socket hang up
[35m[WD Proxy][39m socket hang up
[35m[WD Proxy][39m socket hang up
[35m[WD Proxy][39m socket hang up
[35m[WD Proxy][39m socket hang up
[35m[WD Proxy][39m socket hang up
[35m[WD Proxy][39m socket hang up
[35m[WD Proxy][39m socket hang up
[35m[WD Proxy][39m socket hang up
[35m[WD Proxy][39m socket hang up
[35m[WD Proxy][39m socket hang up
[35m[WD Proxy][39m Determined the downstream protocol as 'W3C'
[35m[AndroidDriver][39m Screen already unlocked, doing nothing
[35m[UiAutomator2][39m Starting 'fr.dsquad.occazio/fr.dsquad.occazio.view.home.SplashScreenActivity and waiting for 'fr.dsquad.occazio/fr.dsquad.occazio.view.home.SplashScreenActivity'
[35m[Appium][39m New AndroidUiautomator2Driver session created successfully, session d31a138c-37b6-4a0b-ae0e-bc21dc66e24a added to master session list
[35m[HTTP][39m [37m<-- POST /wd/hub/session [39m[32m200[39m [90m110535 ms - 1280[39m
[35m[HTTP][39m [90m[39m
[35m[HTTP][39m [37m-->[39m [37mGET[39m [37m/wd/hub/session/d31a138c-37b6-4a0b-ae0e-bc21dc66e24a[39m
[35m[HTTP][39m [90m{}[39m
[35m[HTTP][39m [37m<-- GET /wd/hub/session/d31a138c-37b6-4a0b-ae0e-bc21dc66e24a [39m[32m200[39m [90m232 ms - 1234[39m
[35m[HTTP][39m [90m[39m
[35m[HTTP][39m [37m-->[39m [37mGET[39m [37m/wd/hub/session/d31a138c-37b6-4a0b-ae0e-bc21dc66e24a[39m
[35m[HTTP][39m [90m{}[39m
[35m[HTTP][39m [37m<-- GET /wd/hub/session/d31a138c-37b6-4a0b-ae0e-bc21dc66e24a [39m[32m200[39m [90m99 ms - 1234[39m
[35m[HTTP][39m [90m[39m
[35m[HTTP][39m [37m-->[39m [37mGET[39m [37m/wd/hub/status[39m
[35m[HTTP][39m [90m{}[39m
[35m[HTTP][39m [37m<-- GET /wd/hub/status [39m[32m200[39m [90m1 ms - 68[39m
[35m[HTTP][39m [90m[39m
[35m[HTTP][39m [37m-->[39m [37mPOST[39m [37m/wd/hub/session/d31a138c-37b6-4a0b-ae0e-bc21dc66e24a/timeouts[39m
[35m[HTTP][39m [90m{"implicit":60000}[39m
[35m[HTTP][39m [37m<-- POST /wd/hub/session/d31a138c-37b6-4a0b-ae0e-bc21dc66e24a/timeouts [39m[32m200[39m [90m5 ms - 14[39m
[35m[HTTP][39m [90m[39m
[35m[HTTP][39m [37m-->[39m [37mGET[39m [37m/wd/hub/session/d31a138c-37b6-4a0b-ae0e-bc21dc66e24a/source[39m
[35m[HTTP][39m [90m{}[39m
[35m[W3C (d31a138c)][39m Driver proxy active, passing request on via HTTP proxy
[35m[WD Proxy][39m Replacing sessionId b6d56079-db30-4278-b0e6-a90b520c5118 with d31a138c-37b6-4a0b-ae0e-bc21dc66e24a
[35m[HTTP][39m [37m<-- GET /wd/hub/session/d31a138c-37b6-4a0b-ae0e-bc21dc66e24a/source [39m[32m200[39m [90m1292 ms - 4569[39m
[35m[HTTP][39m [90m[39m
[35m[HTTP][39m [37m-->[39m [37mGET[39m [37m/wd/hub/session/d31a138c-37b6-4a0b-ae0e-bc21dc66e24a/screenshot[39m
[35m[HTTP][39m [90m{}[39m
[35m[HTTP][39m [37m<-- GET /wd/hub/session/d31a138c-37b6-4a0b-ae0e-bc21dc66e24a/screenshot [39m[32m200[39m [90m5800 ms - 2615894[39m
[35m[HTTP][39m [90m[39m
[35m[HTTP][39m [37m-->[39m [37mGET[39m [37m/wd/hub/session/d31a138c-37b6-4a0b-ae0e-bc21dc66e24a/source[39m
[35m[HTTP][39m [90m{}[39m
[35m[W3C (d31a138c)][39m Driver proxy active, passing request on via HTTP proxy
[35m[WD Proxy][39m Replacing sessionId b6d56079-db30-4278-b0e6-a90b520c5118 with d31a138c-37b6-4a0b-ae0e-bc21dc66e24a
[35m[HTTP][39m [37m<-- GET /wd/hub/session/d31a138c-37b6-4a0b-ae0e-bc21dc66e24a/source [39m[32m200[39m [90m33635 ms - 6812[39m
[35m[HTTP][39m [90m[39m
[35m[HTTP][39m [37m-->[39m [37mGET[39m [37m/wd/hub/session/d31a138c-37b6-4a0b-ae0e-bc21dc66e24a/screenshot[39m
[35m[HTTP][39m [90m{}[39m
[35m[HTTP][39m [37m<-- GET /wd/hub/session/d31a138c-37b6-4a0b-ae0e-bc21dc66e24a/screenshot [39m[32m200[39m [90m3724 ms - 195920[39m
[35m[HTTP][39m [90m[39m
[35m[HTTP][39m [37m-->[39m [37mPOST[39m [37m/wd/hub/session/d31a138c-37b6-4a0b-ae0e-bc21dc66e24a/elements[39m
[35m[HTTP][39m [90m{"using":"xpath","value":"//*[@class = 'android.widget.Button' and (@text = 'DÉMARRER' or . = 'DÉMARRER') and @resource-id = 'fr.dsquad.occazio:id/bt_start_showcase']"}[39m
[35m[HTTP][39m [37m<-- POST /wd/hub/session/d31a138c-37b6-4a0b-ae0e-bc21dc66e24a/elements [39m[32m200[39m [90m9440 ms - 139[39m
[35m[HTTP][39m [90m[39m
[35m[HTTP][39m [37m-->[39m [37mGET[39m [37m/wd/hub/session/d31a138c-37b6-4a0b-ae0e-bc21dc66e24a/window/rect[39m
[35m[HTTP][39m [90m{}[39m
[35m[HTTP][39m [37m<-- GET /wd/hub/session/d31a138c-37b6-4a0b-ae0e-bc21dc66e24a/window/rect [39m[32m200[39m [90m1507 ms - 50[39m
[35m[HTTP][39m [90m[39m
[35m[HTTP][39m [37m-->[39m [37mPOST[39m [37m/wd/hub/session/d31a138c-37b6-4a0b-ae0e-bc21dc66e24a/elements[39m
[35m[HTTP][39m [90m{"using":"xpath","value":"//*[@class = 'android.widget.Button' and (@text = 'DÉMARRER' or . = 'DÉMARRER') and @resource-id = 'fr.dsquad.occazio:id/bt_start_showcase']"}[39m
[35m[HTTP][39m [37m<-- POST /wd/hub/session/d31a138c-37b6-4a0b-ae0e-bc21dc66e24a/elements [39m[32m200[39m [90m8887 ms - 139[39m
[35m[HTTP][39m [90m[39m
[35m[HTTP][39m [37m-->[39m [37mGET[39m [37m/wd/hub/session/d31a138c-37b6-4a0b-ae0e-bc21dc66e24a/element/00000000-0000-000d-ffff-ffff00000051/location[39m
[35m[HTTP][39m [90m{}[39m
[35m[W3C (d31a138c)][39m Driver proxy active, passing request on via HTTP proxy
[35m[WD Proxy][39m Replacing sessionId b6d56079-db30-4278-b0e6-a90b520c5118 with d31a138c-37b6-4a0b-ae0e-bc21dc66e24a
[35m[HTTP][39m [37m<-- GET /wd/hub/session/d31a138c-37b6-4a0b-ae0e-bc21dc66e24a/element/00000000-0000-000d-ffff-ffff00000051/location [39m[32m200[39m [90m554 ms - 79[39m
[35m[HTTP][39m [90m[39m
[35m[HTTP][39m [37m-->[39m [37mPOST[39m [37m/wd/hub/session/d31a138c-37b6-4a0b-ae0e-bc21dc66e24a/element/00000000-0000-000d-ffff-ffff00000051/click[39m
[35m[HTTP][39m [90m{"id":"00000000-0000-000d-ffff-ffff00000051"}[39m
[35m[HTTP][39m [37m<-- POST /wd/hub/session/d31a138c-37b6-4a0b-ae0e-bc21dc66e24a/element/00000000-0000-000d-ffff-ffff00000051/click [39m[32m200[39m [90m4973 ms - 14[39m
[35m[HTTP][39m [90m[39m
[35m[HTTP][39m [37m-->[39m [37mGET[39m [37m/wd/hub/session/d31a138c-37b6-4a0b-ae0e-bc21dc66e24a/source[39m
[35m[HTTP][39m [90m{}[39m
[35m[W3C (d31a138c)][39m Driver proxy active, passing request on via HTTP proxy
[35m[WD Proxy][39m Replacing sessionId b6d56079-db30-4278-b0e6-a90b520c5118 with d31a138c-37b6-4a0b-ae0e-bc21dc66e24a
[35m[HTTP][39m [37m<-- GET /wd/hub/session/d31a138c-37b6-4a0b-ae0e-bc21dc66e24a/source [39m[32m200[39m [90m5346 ms - 8456[39m
[35m[HTTP][39m [90m[39m
[35m[HTTP][39m [37m-->[39m [37mGET[39m [37m/wd/hub/session/d31a138c-37b6-4a0b-ae0e-bc21dc66e24a/screenshot[39m
[35m[HTTP][39m [90m{}[39m
[35m[HTTP][39m [37m<-- GET /wd/hub/session/d31a138c-37b6-4a0b-ae0e-bc21dc66e24a/screenshot [39m[32m200[39m [90m4192 ms - 415986[39m
[35m[HTTP][39m [90m[39m
[35m[HTTP][39m [37m-->[39m [37mGET[39m [37m/wd/hub/session/d31a138c-37b6-4a0b-ae0e-bc21dc66e24a/context[39m
[35m[HTTP][39m [90m{}[39m
[35m[HTTP][39m [37m<-- GET /wd/hub/session/d31a138c-37b6-4a0b-ae0e-bc21dc66e24a/context [39m[32m200[39m [90m4 ms - 22[39m
[35m[HTTP][39m [90m[39m
[35m[HTTP][39m [37m-->[39m [37mGET[39m [37m/wd/hub/session/d31a138c-37b6-4a0b-ae0e-bc21dc66e24a/contexts[39m
[35m[HTTP][39m [90m{}[39m
[35m[HTTP][39m [37m<-- GET /wd/hub/session/d31a138c-37b6-4a0b-ae0e-bc21dc66e24a/contexts [39m[32m200[39m [90m261 ms - 24[39m
[35m[HTTP][39m [90m[39m
[35m[HTTP][39m [37m-->[39m [37mPOST[39m [37m/wd/hub/session/d31a138c-37b6-4a0b-ae0e-bc21dc66e24a/context[39m
[35m[HTTP][39m [90m{"name":"NATIVE_APP"}[39m
[35m[HTTP][39m [37m<-- POST /wd/hub/session/d31a138c-37b6-4a0b-ae0e-bc21dc66e24a/context [39m[32m200[39m [90m2 ms - 14[39m
[35m[HTTP][39m [90m[39m
[35m[HTTP][39m [37m-->[39m [37mPOST[39m [37m/wd/hub/session/d31a138c-37b6-4a0b-ae0e-bc21dc66e24a/touch/perform[39m
[35m[HTTP][39m [90m{"actions":[{"action":"press","options":{"x":950,"y":950}},{"action":"wait","options":{"ms":500}},{"action":"moveTo","options":{"x":100,"y":950}},{"action":"release","options":{}}]}[39m
[35m[HTTP][39m [37m<-- POST /wd/hub/session/d31a138c-37b6-4a0b-ae0e-bc21dc66e24a/touch/perform [39m[32m200[39m [90m1728 ms - 14[39m
[35m[HTTP][39m [90m[39m
[35m[HTTP][39m [37m-->[39m [37mPOST[39m [37m/wd/hub/session/d31a138c-37b6-4a0b-ae0e-bc21dc66e24a/context[39m
[35m[HTTP][39m [90m{"name":"NATIVE_APP"}[39m
[35m[HTTP][39m [37m<-- POST /wd/hub/session/d31a138c-37b6-4a0b-ae0e-bc21dc66e24a/context [39m[32m200[39m [90m1 ms - 14[39m
[35m[HTTP][39m [90m[39m
[35m[HTTP][39m [37m-->[39m [37mGET[39m [37m/wd/hub/session/d31a138c-37b6-4a0b-ae0e-bc21dc66e24a/source[39m
[35m[HTTP][39m [90m{}[39m
[35m[W3C (d31a138c)][39m Driver proxy active, passing request on via HTTP proxy
[35m[WD Proxy][39m Replacing sessionId b6d56079-db30-4278-b0e6-a90b520c5118 with d31a138c-37b6-4a0b-ae0e-bc21dc66e24a
[35m[HTTP][39m [37m<-- GET /wd/hub/session/d31a138c-37b6-4a0b-ae0e-bc21dc66e24a/source [39m[32m200[39m [90m228 ms - 8436[39m
[35m[HTTP][39m [90m[39m
[35m[HTTP][39m [37m-->[39m [37mGET[39m [37m/wd/hub/session/d31a138c-37b6-4a0b-ae0e-bc21dc66e24a/screenshot[39m
[35m[HTTP][39m [90m{}[39m
[35m[HTTP][39m [37m<-- GET /wd/hub/session/d31a138c-37b6-4a0b-ae0e-bc21dc66e24a/screenshot [39m[32m200[39m [90m1064 ms - 284996[39m
[35m[HTTP][39m [90m[39m
[35m[HTTP][39m [37m-->[39m [37mGET[39m [37m/wd/hub/session/d31a138c-37b6-4a0b-ae0e-bc21dc66e24a/source[39m
[35m[HTTP][39m [90m{}[39m
[35m[W3C (d31a138c)][39m Driver proxy active, passing request on via HTTP proxy
[35m[WD Proxy][39m Replacing sessionId b6d56079-db30-4278-b0e6-a90b520c5118 with d31a138c-37b6-4a0b-ae0e-bc21dc66e24a
[35m[HTTP][39m [37m<-- GET /wd/hub/session/d31a138c-37b6-4a0b-ae0e-bc21dc66e24a/source [39m[32m200[39m [90m128 ms - 12634[39m
[35m[HTTP][39m [90m[39m
[35m[HTTP][39m [37m-->[39m [37mGET[39m [37m/wd/hub/session/d31a138c-37b6-4a0b-ae0e-bc21dc66e24a/screenshot[39m
[35m[HTTP][39m [90m{}[39m
[35m[HTTP][39m [37m<-- GET /wd/hub/session/d31a138c-37b6-4a0b-ae0e-bc21dc66e24a/screenshot [39m[32m200[39m [90m1146 ms - 399434[39m
[35m[HTTP][39m [90m[39m
[35m[HTTP][39m [37m-->[39m [37mPOST[39m [37m/wd/hub/session/d31a138c-37b6-4a0b-ae0e-bc21dc66e24a/elements[39m
[35m[HTTP][39m [90m{"using":"xpath","value":"//*[@class = 'android.view.View' and @resource-id = 'fr.dsquad.occazio:id/v_seekbar_overlay' and (@text = '' or . = '')]"}[39m
[35m[HTTP][39m [37m<-- POST /wd/hub/session/d31a138c-37b6-4a0b-ae0e-bc21dc66e24a/elements [39m[32m200[39m [90m342 ms - 139[39m
[35m[HTTP][39m [90m[39m
[35m[HTTP][39m [37m-->[39m [37mGET[39m [37m/wd/hub/session/d31a138c-37b6-4a0b-ae0e-bc21dc66e24a/window/rect[39m
[35m[HTTP][39m [90m{}[39m
[35m[HTTP][39m [37m<-- GET /wd/hub/session/d31a138c-37b6-4a0b-ae0e-bc21dc66e24a/window/rect [39m[32m200[39m [90m15 ms - 50[39m
[35m[HTTP][39m [90m[39m
[35m[HTTP][39m [37m-->[39m [37mPOST[39m [37m/wd/hub/session/d31a138c-37b6-4a0b-ae0e-bc21dc66e24a/elements[39m
[35m[HTTP][39m [90m{"using":"xpath","value":"//*[@class = 'android.view.View' and @resource-id = 'fr.dsquad.occazio:id/v_seekbar_overlay' and (@text = '' or . = '')]"}[39m
[35m[HTTP][39m [37m<-- POST /wd/hub/session/d31a138c-37b6-4a0b-ae0e-bc21dc66e24a/elements [39m[32m200[39m [90m114 ms - 139[39m
[35m[HTTP][39m [90m[39m
[35m[HTTP][39m [37m-->[39m [37mGET[39m [37m/wd/hub/session/d31a138c-37b6-4a0b-ae0e-bc21dc66e24a/element/00000000-0000-000d-ffff-ffff0000009e/location[39m
[35m[HTTP][39m [90m{}[39m
[35m[W3C (d31a138c)][39m Driver proxy active, passing request on via HTTP proxy
[35m[WD Proxy][39m Replacing sessionId b6d56079-db30-4278-b0e6-a90b520c5118 with d31a138c-37b6-4a0b-ae0e-bc21dc66e24a
[35m[HTTP][39m [37m<-- GET /wd/hub/session/d31a138c-37b6-4a0b-ae0e-bc21dc66e24a/element/00000000-0000-000d-ffff-ffff0000009e/location [39m[32m200[39m [90m21 ms - 79[39m
[35m[HTTP][39m [90m[39m
[35m[HTTP][39m [37m-->[39m [37mPOST[39m [37m/wd/hub/session/d31a138c-37b6-4a0b-ae0e-bc21dc66e24a/element/00000000-0000-000d-ffff-ffff0000009e/click[39m
[35m[HTTP][39m [90m{"id":"00000000-0000-000d-ffff-ffff0000009e"}[39m
[35m[HTTP][39m [37m<-- POST /wd/hub/session/d31a138c-37b6-4a0b-ae0e-bc21dc66e24a/element/00000000-0000-000d-ffff-ffff0000009e/click [39m[32m200[39m [90m125 ms - 14[39m
[35m[HTTP][39m [90m[39m
[35m[HTTP][39m [37m-->[39m [37mGET[39m [37m/wd/hub/session/d31a138c-37b6-4a0b-ae0e-bc21dc66e24a/source[39m
[35m[HTTP][39m [90m{}[39m
[35m[W3C (d31a138c)][39m Driver proxy active, passing request on via HTTP proxy
[35m[WD Proxy][39m Replacing sessionId b6d56079-db30-4278-b0e6-a90b520c5118 with d31a138c-37b6-4a0b-ae0e-bc21dc66e24a
[35m[HTTP][39m [37m<-- GET /wd/hub/session/d31a138c-37b6-4a0b-ae0e-bc21dc66e24a/source [39m[32m200[39m [90m211 ms - 12634[39m
[35m[HTTP][39m [90m[39m
[35m[HTTP][39m [37m-->[39m [37mGET[39m [37m/wd/hub/session/d31a138c-37b6-4a0b-ae0e-bc21dc66e24a/screenshot[39m
[35m[HTTP][39m [90m{}[39m
[35m[HTTP][39m [37m<-- GET /wd/hub/session/d31a138c-37b6-4a0b-ae0e-bc21dc66e24a/screenshot [39m[32m200[39m [90m730 ms - 398900[39m
[35m[HTTP][39m [90m[39m
[35m[HTTP][39m [37m-->[39m [37mPOST[39m [37m/wd/hub/session/d31a138c-37b6-4a0b-ae0e-bc21dc66e24a/elements[39m
[35m[HTTP][39m [90m{"using":"xpath","value":"//*[@class = 'android.widget.Button' and (@text = 'VALIDER' or . = 'VALIDER') and @resource-id = 'fr.dsquad.occazio:id/bt_stop_showcase']"}[39m
[35m[HTTP][39m [37m<-- POST /wd/hub/session/d31a138c-37b6-4a0b-ae0e-bc21dc66e24a/elements [39m[32m200[39m [90m178 ms - 139[39m
[35m[HTTP][39m [90m[39m
[35m[HTTP][39m [37m-->[39m [37mGET[39m [37m/wd/hub/session/d31a138c-37b6-4a0b-ae0e-bc21dc66e24a/window/rect[39m
[35m[HTTP][39m [90m{}[39m
[35m[HTTP][39m [37m<-- GET /wd/hub/session/d31a138c-37b6-4a0b-ae0e-bc21dc66e24a/window/rect [39m[32m200[39m [90m17 ms - 50[39m
[35m[HTTP][39m [90m[39m
[35m[HTTP][39m [37m-->[39m [37mPOST[39m [37m/wd/hub/session/d31a138c-37b6-4a0b-ae0e-bc21dc66e24a/elements[39m
[35m[HTTP][39m [90m{"using":"xpath","value":"//*[@class = 'android.widget.Button' and (@text = 'VALIDER' or . = 'VALIDER') and @resource-id = 'fr.dsquad.occazio:id/bt_stop_showcase']"}[39m
[35m[HTTP][39m [37m<-- POST /wd/hub/session/d31a138c-37b6-4a0b-ae0e-bc21dc66e24a/elements [39m[32m200[39m [90m151 ms - 139[39m
[35m[HTTP][39m [90m[39m
[35m[HTTP][39m [37m-->[39m [37mGET[39m [37m/wd/hub/session/d31a138c-37b6-4a0b-ae0e-bc21dc66e24a/element/00000000-0000-000d-ffff-ffff000000a0/location[39m
[35m[HTTP][39m [90m{}[39m
[35m[W3C (d31a138c)][39m Driver proxy active, passing request on via HTTP proxy
[35m[WD Proxy][39m Replacing sessionId b6d56079-db30-4278-b0e6-a90b520c5118 with d31a138c-37b6-4a0b-ae0e-bc21dc66e24a
[35m[HTTP][39m [37m<-- GET /wd/hub/session/d31a138c-37b6-4a0b-ae0e-bc21dc66e24a/element/00000000-0000-000d-ffff-ffff000000a0/location [39m[32m200[39m [90m28 ms - 80[39m
[35m[HTTP][39m [90m[39m
[35m[HTTP][39m [37m-->[39m [37mPOST[39m [37m/wd/hub/session/d31a138c-37b6-4a0b-ae0e-bc21dc66e24a/element/00000000-0000-000d-ffff-ffff000000a0/click[39m
[35m[HTTP][39m [90m{"id":"00000000-0000-000d-ffff-ffff000000a0"}[39m
[35m[HTTP][39m [37m<-- POST /wd/hub/session/d31a138c-37b6-4a0b-ae0e-bc21dc66e24a/element/00000000-0000-000d-ffff-ffff000000a0/click [39m[32m200[39m [90m69 ms - 14[39m
[35m[HTTP][39m [90m[39m
[35m[HTTP][39m [37m-->[39m [37mGET[39m [37m/wd/hub/session/d31a138c-37b6-4a0b-ae0e-bc21dc66e24a/source[39m
[35m[HTTP][39m [90m{}[39m
[35m[W3C (d31a138c)][39m Driver proxy active, passing request on via HTTP proxy
[35m[WD Proxy][39m Replacing sessionId b6d56079-db30-4278-b0e6-a90b520c5118 with d31a138c-37b6-4a0b-ae0e-bc21dc66e24a
[35m[HTTP][39m [37m<-- GET /wd/hub/session/d31a138c-37b6-4a0b-ae0e-bc21dc66e24a/source [39m[32m200[39m [90m1906 ms - 10240[39m
[35m[HTTP][39m [90m[39m
[35m[HTTP][39m [37m-->[39m [37mGET[39m [37m/wd/hub/session/d31a138c-37b6-4a0b-ae0e-bc21dc66e24a/screenshot[39m
[35m[HTTP][39m [90m{}[39m
[35m[HTTP][39m [37m<-- GET /wd/hub/session/d31a138c-37b6-4a0b-ae0e-bc21dc66e24a/screenshot [39m[32m200[39m [90m1930 ms - 414020[39m
[35m[HTTP][39m [90m[39m
[35m[HTTP][39m [37m-->[39m [37mDELETE[39m [37m/wd/hub/session/d31a138c-37b6-4a0b-ae0e-bc21dc66e24a[39m
[35m[HTTP][39m [90m{}[39m
[35m[Appium][39m Removing session d31a138c-37b6-4a0b-ae0e-bc21dc66e24a from our master session list
[35m[UiAutomator2][39m Restoring hidden api policy to the device default configuration
[35m[HTTP][39m [37m<-- DELETE /wd/hub/session/d31a138c-37b6-4a0b-ae0e-bc21dc66e24a [39m[32m200[39m [90m900 ms - 14[39m
[35m[HTTP][39m [90m[39m
